<?xml version="1.0" encoding="UTF-8"?>
<!-- Generated by org.testng.reporters.JUnitReportReporter -->
<testsuite hostname="DESKTOP-3QCR2VC" failures="0" tests="3" name="activities.webapp" time="115.538" errors="0" timestamp="2020-09-26T11:39:45 IST" skipped="0">
  <testcase classname="activities.webapp" name="PopUpLoginSimpleForm" time="42.063"/>
  <system-out/>
  <testcase classname="activities.webapp" name="loginpage" time="34.569"/>
  <system-out/>
  <testcase classname="activities.webapp" name="todolist" time="38.906"/>
  <system-out/>
</testsuite> <!-- activities.webapp -->
