<?xml version="1.0" encoding="UTF-8"?>
<!-- Generated by org.testng.reporters.JUnitReportReporter -->
<testsuite hostname="DESKTOP-3QCR2VC" failures="0" tests="1" name="activities.googletask" time="26.698" errors="0" timestamp="2020-09-26T11:39:45 IST" skipped="0">
  <testcase classname="activities.googletask" name="taskadd" time="26.698"/>
  <system-out/>
</testsuite> <!-- activities.googletask -->
