<?xml version="1.0" encoding="UTF-8"?>
<!-- Generated by org.testng.reporters.JUnitReportReporter -->
<testsuite hostname="DESKTOP-3QCR2VC" failures="0" tests="2" name="activities.googlekeep" time="30.276" errors="0" timestamp="2020-09-26T11:39:45 IST" skipped="1">
  <testcase classname="activities.googlekeep" name="addnoteswithremainder" time="30.276"/>
  <system-out/>
  <testcase classname="activities.googlekeep" name="addnotes">
    <skipped/>
  </testcase> <!-- addnotes -->
  <system-out/>
</testsuite> <!-- activities.googlekeep -->
